Arguments: 
  C:\Program Files\nodejs\node.exe C:\Program Files (x86)\Yarn\bin\yarn.js add react-boostrap bootstrap

PATH: 
  C:\Program Files (x86)\Common Files\Oracle\Java\javapath;C:\Windows\system32;C:\Windows;C:\Windows\System32\Wbem;C:\Windows\System32\WindowsPowerShell\v1.0\;C:\Dwimperl\perl\bin;C:\Dwimperl\perl\site\bin;C:\Dwimperl\c\bin;C:\Program Files\Java\jdk1.8.0_221\bin;C:\adb;C:\Program Files (x86)\Yarn\bin\;C:\Program Files (x86)\Microsoft SQL Server\100\Tools\Binn\;C:\Program Files (x86)\Microsoft SQL Server\100\DTS\Binn\;C:\Program Files (x86)\Microsoft SQL Server\150\DTS\Binn\;C:\Program Files\Git\cmd;C:\Users\BHATT\AppData\Roaming\nvm;C:\Program Files\nodejs;C:\Program Files\nodejs\;C:\Users\BHATT\.windows-build-tools\python27\;C:\Users\BHATT\AppData\Local\atom\bin;C:\Users\BHATT\AppData\Local\Programs\Microsoft VS Code\bin;C:\Users\BHATT\AppData\Local\GitHubDesktop\bin;C:\Users\BHATT\AppData\Local\Yarn\bin;C:\Users\BHATT\AppData\Roaming\nvm;C:\Program Files\nodejs;C:\Users\BHATT\AppData\Roaming\npm

Yarn version: 
  1.22.4

Node version: 
  12.18.0

Platform: 
  win32 x64

Trace: 
  Error: https://registry.yarnpkg.com/react-boostrap: Not found
      at Request.params.callback [as _callback] (C:\Program Files (x86)\Yarn\lib\cli.js:66096:18)
      at Request.self.callback (C:\Program Files (x86)\Yarn\lib\cli.js:140748:22)
      at Request.emit (events.js:315:20)
      at Request.<anonymous> (C:\Program Files (x86)\Yarn\lib\cli.js:141720:10)
      at Request.emit (events.js:315:20)
      at IncomingMessage.<anonymous> (C:\Program Files (x86)\Yarn\lib\cli.js:141642:12)
      at Object.onceWrapper (events.js:421:28)
      at IncomingMessage.emit (events.js:327:22)
      at endReadableNT (_stream_readable.js:1221:12)
      at processTicksAndRejections (internal/process/task_queues.js:84:21)

npm manifest: 
  No manifest

yarn manifest: 
  No manifest

Lockfile: 
  No lockfile
